[2025-10-20 15:46:19,068][__main__][INFO] - Adding /home/galbot/zyf/fairo/polymetis/polymetis/build to $PATH
[2025-10-20 15:46:19,182][polymetis.robot_client.executable_robot_client][INFO] - === Config: ===
exec: franka_hand_client
robot_ip: 192.168.1.10
control_ip: 0.0.0.0
control_port: 50052
robot_client_metadata_path: /tmp/tmp60t5_v4b

[2025-10-20 15:46:19,182][polymetis.robot_client.executable_robot_client][INFO] - === Executing client at /home/galbot/zyf/fairo/polymetis/polymetis/build/franka_hand_client ===
[2025-10-20 15:49:55,612][grpc._common][ERROR] - Exception serializing message!
Traceback (most recent call last):
  File "/home/galbot/miniconda3/envs/polymetis-local/lib/python3.8/site-packages/grpc/_common.py", line 86, in _transform
    return transformer(message)
TypeError: descriptor 'SerializeToString' for 'google.protobuf.pyext._message.CMessage' objects doesn't apply to a 'NoneType' object
[2025-10-20 15:53:05,944][grpc._common][ERROR] - Exception serializing message!
Traceback (most recent call last):
  File "/home/galbot/miniconda3/envs/polymetis-local/lib/python3.8/site-packages/grpc/_common.py", line 86, in _transform
    return transformer(message)
TypeError: descriptor 'SerializeToString' for 'google.protobuf.pyext._message.CMessage' objects doesn't apply to a 'NoneType' object
[2025-10-20 15:54:10,657][grpc._common][ERROR] - Exception serializing message!
Traceback (most recent call last):
  File "/home/galbot/miniconda3/envs/polymetis-local/lib/python3.8/site-packages/grpc/_common.py", line 86, in _transform
    return transformer(message)
TypeError: descriptor 'SerializeToString' for 'google.protobuf.pyext._message.CMessage' objects doesn't apply to a 'NoneType' object
